bluetooth/edc-android-bluetooth-ecr-sdk/ecrSDK/build/outputs/mapping/release/mapping.txt
# compiler: R8
# compiler_version: 2.1.86
# pg_map_id: 03db962
# common_typos_disable
...
com.paytm.ecr.bluetooth.sdk.PaytmPayments -> com.paytm.ecr.bluetooth.sdk.PaytmPayments:
    1:1:void com.paytm.ecr.bluetooth.sdk.connection.BleProcessor.closeConnection():0:0 -> closeConnection
    1:1:void closeConnection():0 -> closeConnection
    2:2:void com.paytm.ecr.bluetooth.sdk.connection.BluetoothComm.disable():0:0 -> closeConnection
    2:2:void com.paytm.ecr.bluetooth.sdk.connection.BleProcessor.closeConnection():0 -> closeConnection
    2:2:void closeConnection():0 -> closeConnection
    3:3:void com.paytm.ecr.bluetooth.sdk.connection.BluetoothComm.stop():0:0 -> closeConnection
    3:3:void com.paytm.ecr.bluetooth.sdk.connection.BluetoothComm.disable():0 -> closeConnection
    3:3:void com.paytm.ecr.bluetooth.sdk.connection.BleProcessor.closeConnection():0 -> closeConnection
    3:3:void closeConnection():0 -> closeConnection
    4:4:void com.paytm.ecr.bluetooth.sdk.connection.BluetoothComm.disable():0:0 -> closeConnection
    4:4:void com.paytm.ecr.bluetooth.sdk.connection.BleProcessor.closeConnection():0 -> closeConnection
    4:4:void closeConnection():0 -> closeConnection
    1:1:com.paytm.ecr.bluetooth.sdk.constants.ConnectionState com.paytm.ecr.bluetooth.sdk.connection.BleProcessor.getConnectionStatus():0:0 -> isConnected
    1:1:boolean isConnected():0 -> isConnected
    2:2:int com.paytm.ecr.bluetooth.sdk.connection.BluetoothComm.getState():0:0 -> isConnected
com.paytm.ecr.bluetooth.sdk.connection.BleProcessor -> a.a.a.a.a.a.a:
    java.lang.String TAG -> i
    com.paytm.ecr.bluetooth.sdk.connection.BleRequest currentRequest -> a
    java.lang.Runnable sendMessageRunnable -> g
    java.util.concurrent.Executor executor -> c
    com.paytm.ecr.bluetooth.sdk.connection.BleProcessor$TimeOutRunnable timeOutRunnable -> f
    com.paytm.ecr.bluetooth.sdk.connection.BleProcessor sInstance -> j
    com.paytm.ecr.bluetooth.sdk.connection.BluetoothComm bluetoothComm -> b
    com.paytm.ecr.bluetooth.sdk.model.Config config -> d
    java.lang.String lastSaleRequestId -> e
    android.os.Handler handler -> h
    1:1:void handleResponse(com.paytm.ecr.bluetooth.sdk.model.BleDataModel):0:0 -> a
    1:1:void access$300(com.paytm.ecr.bluetooth.sdk.connection.BleProcessor,com.paytm.ecr.bluetooth.sdk.model.BleDataModel):0 -> a
    2:2:com.paytm.ecr.bluetooth.sdk.model.response.BaseResponse getDataModel(java.util.LinkedHashMap,java.lang.String):0:0 -> a
    2:2:void handleResponse(com.paytm.ecr.bluetooth.sdk.model.BleDataModel):0 -> a
    2:2:void access$300(com.paytm.ecr.bluetooth.sdk.connection.BleProcessor,com.paytm.ecr.bluetooth.sdk.model.BleDataModel):0 -> a
    3:3:void handleResponse(com.paytm.ecr.bluetooth.sdk.model.BleDataModel):0:0 -> a
    3:3:void access$300(com.paytm.ecr.bluetooth.sdk.connection.BleProcessor,com.paytm.ecr.bluetooth.sdk.model.BleDataModel):0 -> a
com.paytm.ecr.bluetooth.sdk.connection.BleProcessor$1 -> a.a.a.a.a.a.a$a:
    com.paytm.ecr.bluetooth.sdk.connection.BleProcessor this$0 -> a
    1:1:java.lang.String com.paytm.ecr.bluetooth.sdk.connection.BleProcessor.access$200():0:0 -> handleMessage
    1:1:void handleMessage(android.os.Message):0 -> handleMessage
    2:2:void handleMessage(android.os.Message):0:0 -> handleMessage