bluetooth/edc-android-bluetooth-ecr-sdk/ecrSDK/build/outputs/mapping/release/usage.txt
com.paytm.ecr.bluetooth.sdk.connection.BluetoothComm:
    private static final java.lang.String NAME_SECURE
    private static final int MAX_READ_LOOP_COUNTER
com.paytm.ecr.bluetooth.sdk.connection.BleProcessor:
    public static final int MESSAGE_RESPONSE
    private static final int API_TIMEOUT_IN_SECONDS
com.paytm.ecr.bluetooth.sdk.BuildConfig
com.paytm.ecr.bluetooth.sdk.util.BluetoothHelper:
    public void <init>()
com.paytm.ecr.bluetooth.sdk.PaytmPayments:
    public static void <clinit>()
com.paytm.ecr.bluetooth.sdk.connection.BluetoothComm$1
com.paytm.ecr.bluetooth.sdk.connection.BluetoothComm:
    public static synthetic int access$1100(com.paytm.ecr.bluetooth.sdk.connection.BluetoothComm)
    public static synthetic boolean access$1200(com.paytm.ecr.bluetooth.sdk.connection.BluetoothComm)
    public static synthetic android.os.Handler access$1400(com.paytm.ecr.bluetooth.sdk.connection.BluetoothComm)
    public static synthetic com.paytm.ecr.bluetooth.sdk.connection.MessageStatusListener access$1600(com.paytm.ecr.bluetooth.sdk.connection.BluetoothComm)
    public synchronized int getState()
    public synchronized void stop()
    public synchronized void disable()
    public void writeRequest(java.lang.String,java.lang.String)
    public void setConnectionStateListener(com.paytm.ecr.bluetooth.sdk.IConnectionStateListener)
    public final synchronized void connected(android.bluetooth.BluetoothSocket)
    public final void connectionLost()
com.paytm.ecr.bluetooth.sdk.connection.BleProcessor:
    public static synthetic com.paytm.ecr.bluetooth.sdk.connection.BleRequest access$000(com.paytm.ecr.bluetooth.sdk.connection.BleProcessor)
    public static synthetic boolean access$100(com.paytm.ecr.bluetooth.sdk.connection.BleProcessor,com.paytm.ecr.bluetooth.sdk.connection.BleRequest)
    public static synthetic java.lang.String access$200()
    public void onSent(java.lang.String)
    public void onError(java.lang.String)
    public com.paytm.ecr.bluetooth.sdk.constants.ConnectionState getConnectionStatus()
    public void closeConnection()
    public synchronized void submitRequest(com.paytm.ecr.bluetooth.sdk.connection.BleRequest)
    public void openConnection(com.paytm.ecr.bluetooth.sdk.IConnectionStateListener)
    public final synchronized void handleResponse(com.paytm.ecr.bluetooth.sdk.model.BleDataModel)
    public final com.paytm.ecr.bluetooth.sdk.connection.BleRequest getStatusCheckRequest(com.paytm.ecr.bluetooth.sdk.model.Request,com.paytm.ecr.bluetooth.sdk.ResponseListener)
    public final com.paytm.ecr.bluetooth.sdk.model.request.StatusCheckRequest createStatusCheckRequest(com.paytm.ecr.bluetooth.sdk.model.response.BaseResponse)
    public final com.paytm.ecr.bluetooth.sdk.model.response.BaseResponse getDataModel(java.util.LinkedHashMap,java.lang.String)
com.paytm.ecr.bluetooth.sdk.connection.BluetoothComm$WriteThread:
    public synthetic void <init>(com.paytm.ecr.bluetooth.sdk.connection.BluetoothComm,android.bluetooth.BluetoothSocket,com.paytm.ecr.bluetooth.sdk.connection.BluetoothComm$1)
    public static void access$600(com.paytm.ecr.bluetooth.sdk.connection.BluetoothComm$WriteThread,java.lang.String,byte[])
    public final void writeRequest(java.lang.String,byte[])
    public final void cancel()
com.paytm.ecr.bluetooth.sdk.connection.BleProcessor$TimeOutRunnable:
    public synthetic void <init>(com.paytm.ecr.bluetooth.sdk.connection.BleProcessor,java.lang.String,com.paytm.ecr.bluetooth.sdk.connection.BleProcessor$1)
com.paytm.ecr.bluetooth.sdk.connection.BluetoothComm$AcceptThread:
    public synthetic void <init>(com.paytm.ecr.bluetooth.sdk.connection.BluetoothComm,com.paytm.ecr.bluetooth.sdk.connection.BluetoothComm$1)
    public final void cancel()
com.paytm.ecr.bluetooth.sdk.connection.MessageStatusListener:
    public abstract void onSent(java.lang.String)
    public abstract void onError(java.lang.String)